Using pre-set license
Built from '2021.3/staging' branch; Version is '2021.3.22f1 (b6c551784ba3) revision 11978065'; Using compiler version '192829333'; Build Type 'Release'
OS: 'Windows 11  (10.0.22621) 64bit Core' Language: 'ko' Physical Memory: 16318 MB
BatchMode: 1, IsHumanControllingUs: 0, StartBugReporterOnCrash: 0, Is64bit: 1, IsPro: 1

COMMAND LINE ARGUMENTS:
C:\Program Files\Unity\Hub\Editor\2021.3.22f1\Editor\Unity.exe
-adb2
-batchMode
-noUpm
-name
AssetImportWorker0
-projectPath
C:/UnityProject/AR-Image-Tracking
-logFile
Logs/AssetImportWorker0.log
-srvPort
54788
Successfully changed project path to: C:/UnityProject/AR-Image-Tracking
C:/UnityProject/AR-Image-Tracking
[UnityMemory] Configuration Parameters - Can be set up in boot.config
    "memorysetup-bucket-allocator-granularity=16"
    "memorysetup-bucket-allocator-bucket-count=8"
    "memorysetup-bucket-allocator-block-size=33554432"
    "memorysetup-bucket-allocator-block-count=8"
    "memorysetup-main-allocator-block-size=16777216"
    "memorysetup-thread-allocator-block-size=16777216"
    "memorysetup-gfx-main-allocator-block-size=16777216"
    "memorysetup-gfx-thread-allocator-block-size=16777216"
    "memorysetup-cache-allocator-block-size=4194304"
    "memorysetup-typetree-allocator-block-size=2097152"
    "memorysetup-profiler-bucket-allocator-granularity=16"
    "memorysetup-profiler-bucket-allocator-bucket-count=8"
    "memorysetup-profiler-bucket-allocator-block-size=33554432"
    "memorysetup-profiler-bucket-allocator-block-count=8"
    "memorysetup-profiler-allocator-block-size=16777216"
    "memorysetup-profiler-editor-allocator-block-size=1048576"
    "memorysetup-temp-allocator-size-main=16777216"
    "memorysetup-job-temp-allocator-block-size=2097152"
    "memorysetup-job-temp-allocator-block-size-background=1048576"
    "memorysetup-job-temp-allocator-reduction-small-platforms=262144"
    "memorysetup-temp-allocator-size-background-worker=32768"
    "memorysetup-temp-allocator-size-job-worker=262144"
    "memorysetup-temp-allocator-size-preload-manager=33554432"
    "memorysetup-temp-allocator-size-nav-mesh-worker=65536"
    "memorysetup-temp-allocator-size-audio-worker=65536"
    "memorysetup-temp-allocator-size-cloud-worker=32768"
    "memorysetup-temp-allocator-size-gi-baking-worker=262144"
    "memorysetup-temp-allocator-size-gfx=262144"
Player connection [121516] Host "[IP] 192.168.219.120 [Port] 0 [Flags] 2 [Guid] 1202614624 [EditorId] 1202614624 [Version] 1048832 [Id] WindowsEditor(7,doo) [Debug] 1 [PackageName] WindowsEditor [ProjectName] Editor" joined multi-casting on [225.0.0.222:54997]...

Player connection [121516] Host "[IP] 192.168.219.120 [Port] 0 [Flags] 2 [Guid] 1202614624 [EditorId] 1202614624 [Version] 1048832 [Id] WindowsEditor(7,doo) [Debug] 1 [PackageName] WindowsEditor [ProjectName] Editor" joined alternative multi-casting on [225.0.0.222:34997]...

Refreshing native plugins compatible for Editor in 98.95 ms, found 3 plugins.
Preloading 0 native plugins for Editor in 0.00 ms.
Initialize engine version: 2021.3.22f1 (b6c551784ba3)
[Subsystems] Discovering subsystems at path C:/Program Files/Unity/Hub/Editor/2021.3.22f1/Editor/Data/Resources/UnitySubsystems
[Subsystems] Discovering subsystems at path C:/UnityProject/AR-Image-Tracking/Assets
GfxDevice: creating device client; threaded=0; jobified=0
Direct3D:
    Version:  Direct3D 11.0 [level 11.1]
    Renderer: NVIDIA GeForce GTX 1060 (ID=0x1c20)
    Vendor:   NVIDIA
    VRAM:     6052 MB
    Driver:   30.0.14.9729
Initialize mono
Mono path[0] = 'C:/Program Files/Unity/Hub/Editor/2021.3.22f1/Editor/Data/Managed'
Mono path[1] = 'C:/Program Files/Unity/Hub/Editor/2021.3.22f1/Editor/Data/MonoBleedingEdge/lib/mono/unityjit-win32'
Mono config path = 'C:/Program Files/Unity/Hub/Editor/2021.3.22f1/Editor/Data/MonoBleedingEdge/etc'
Using monoOptions --debugger-agent=transport=dt_socket,embedding=1,server=y,suspend=n,address=127.0.0.1:56832
Begin MonoManager ReloadAssembly
Registering precompiled unity dll's ...
Register platform support module: C:/Program Files/Unity/Hub/Editor/2021.3.22f1/Editor/Data/PlaybackEngines/AndroidPlayer/UnityEditor.Android.Extensions.dll
Register platform support module: C:/Program Files/Unity/Hub/Editor/2021.3.22f1/Editor/Data/PlaybackEngines/WindowsStandaloneSupport/UnityEditor.WindowsStandalone.Extensions.dll
Registered in 0.013017 seconds.
Native extension for WindowsStandalone target not found
Native extension for Android target not found
Android Extension - Scanning For ADB Devices 749 ms
Refreshing native plugins compatible for Editor in 234.43 ms, found 3 plugins.
Preloading 0 native plugins for Editor in 0.00 ms.
Mono: successfully reloaded assembly
- Completed reload, in  2.030 seconds
Domain Reload Profiling:
	ReloadAssembly (2031ms)
		BeginReloadAssembly (150ms)
			ExecutionOrderSort (0ms)
			DisableScriptedObjects (0ms)
			BackupInstance (0ms)
			ReleaseScriptingObjects (0ms)
			CreateAndSetChildDomain (1ms)
		EndReloadAssembly (1716ms)
			LoadAssemblies (147ms)
			RebuildTransferFunctionScriptingTraits (0ms)
			SetupTypeCache (165ms)
			ReleaseScriptCaches (0ms)
			RebuildScriptCaches (31ms)
			SetupLoadedEditorAssemblies (1447ms)
				LogAssemblyErrors (0ms)
				InitializePlatformSupportModulesInManaged (846ms)
				SetLoadedEditorAssemblies (1ms)
				RefreshPlugins (235ms)
				BeforeProcessingInitializeOnLoad (2ms)
				ProcessInitializeOnLoadAttributes (227ms)
				ProcessInitializeOnLoadMethodAttributes (136ms)
				AfterProcessingInitializeOnLoad (0ms)
				EditorAssembliesLoaded (0ms)
			ExecutionOrderSort2 (0ms)
			AwakeInstancesAfterBackupRestoration (0ms)
Platform modules already initialized, skipping
Registering precompiled user dll's ...
Registered in 0.041972 seconds.
Begin MonoManager ReloadAssembly
Symbol file LoadedFromMemory doesn't match image C:\UnityProject\AR-Image-Tracking\Library\PackageCache\com.unity.visualscripting@1.8.0\Editor\VisualScripting.Core\Dependencies\YamlDotNet\Unity.VisualScripting.YamlDotNet.dll
Symbol file LoadedFromMemory doesn't match image C:\UnityProject\AR-Image-Tracking\Library\PackageCache\com.unity.visualscripting@1.8.0\Editor\VisualScripting.Core\Dependencies\DotNetZip\Unity.VisualScripting.IonicZip.dll
Native extension for WindowsStandalone target not found
Native extension for Android target not found
Refreshing native plugins compatible for Editor in 0.99 ms, found 3 plugins.
Preloading 0 native plugins for Editor in 0.00 ms.
Package Manager log level set to [2]
Mono: successfully reloaded assembly
- Completed reload, in  1.694 seconds
Domain Reload Profiling:
	ReloadAssembly (1695ms)
		BeginReloadAssembly (190ms)
			ExecutionOrderSort (0ms)
			DisableScriptedObjects (7ms)
			BackupInstance (0ms)
			ReleaseScriptingObjects (0ms)
			CreateAndSetChildDomain (28ms)
		EndReloadAssembly (1351ms)
			LoadAssemblies (197ms)
			RebuildTransferFunctionScriptingTraits (0ms)
			SetupTypeCache (392ms)
			ReleaseScriptCaches (1ms)
			RebuildScriptCaches (91ms)
			SetupLoadedEditorAssemblies (598ms)
				LogAssemblyErrors (0ms)
				InitializePlatformSupportModulesInManaged (34ms)
				SetLoadedEditorAssemblies (1ms)
				RefreshPlugins (1ms)
				BeforeProcessingInitializeOnLoad (160ms)
				ProcessInitializeOnLoadAttributes (356ms)
				ProcessInitializeOnLoadMethodAttributes (29ms)
				AfterProcessingInitializeOnLoad (16ms)
				EditorAssembliesLoaded (0ms)
			ExecutionOrderSort2 (0ms)
			AwakeInstancesAfterBackupRestoration (30ms)
Platform modules already initialized, skipping
========================================================================
Worker process is ready to serve import requests
Launched and connected shader compiler UnityShaderCompiler.exe after 0.15 seconds
Refreshing native plugins compatible for Editor in 0.88 ms, found 3 plugins.
Preloading 0 native plugins for Editor in 0.00 ms.
Unloading 3419 Unused Serialized files (Serialized files now loaded: 0)
Unloading 24 unused Assets / (75.6 KB). Loaded Objects now: 3889.
Memory consumption went from 120.3 MB to 120.3 MB.
Total: 7.396100 ms (FindLiveObjects: 0.622500 ms CreateObjectMapping: 0.484000 ms MarkObjects: 6.120400 ms  DeleteObjects: 0.167300 ms)

AssetImportParameters requested are different than current active one (requested -> active):
  custom:video-decoder-ogg-theora: a1e56fd34408186e4bbccfd4996cb3dc -> 
  custom:container-muxer-webm: aa71ff27fc2769a1b78a27578f13a17b -> 
  custom:container-demuxer-webm: 4f35f7cbe854078d1ac9338744f61a02 -> 
  custom:video-encoder-webm-vp8: eb34c28f22e8b96e1ab97ce403110664 -> 
  custom:video-codec-MediaFoundation-h265: 746d11721c4dcdbdad8f713fa42b33f4 -> 
  custom:audio-encoder-webm-vorbis: bf7c407c2cedff20999df2af8eb42d56 -> 
  custom:framework-win-MediaFoundation: 216162199b28c13a410421893ffa2e32 -> 
  custom:container-demuxer-ogg: 62fdf1f143b41e24485cea50d1cbac27 -> 
  custom:video-decoder-webm-vp8: 9c59270c3fd7afecdb556c50c9e8de78 -> 
  custom:audio-decoder-ogg-vorbis: bf7c407c2cedff20999df2af8eb42d56 -> 
========================================================================
Received Prepare
Refreshing native plugins compatible for Editor in 22.46 ms, found 3 plugins.
Preloading 0 native plugins for Editor in 0.00 ms.
Unloading 16 Unused Serialized files (Serialized files now loaded: 0)
Unloading 15 unused Assets / (21.9 KB). Loaded Objects now: 3890.
Memory consumption went from 51.2 MB to 51.2 MB.
Total: 4.761100 ms (FindLiveObjects: 0.440400 ms CreateObjectMapping: 0.393300 ms MarkObjects: 3.892800 ms  DeleteObjects: 0.032700 ms)

AssetImportParameters requested are different than current active one (requested -> active):
  custom:video-decoder-ogg-theora: a1e56fd34408186e4bbccfd4996cb3dc -> 
  custom:container-muxer-webm: aa71ff27fc2769a1b78a27578f13a17b -> 
  custom:container-demuxer-webm: 4f35f7cbe854078d1ac9338744f61a02 -> 
  custom:video-encoder-webm-vp8: eb34c28f22e8b96e1ab97ce403110664 -> 
  custom:video-codec-MediaFoundation-h265: 746d11721c4dcdbdad8f713fa42b33f4 -> 
  custom:audio-encoder-webm-vorbis: bf7c407c2cedff20999df2af8eb42d56 -> 
  custom:framework-win-MediaFoundation: 216162199b28c13a410421893ffa2e32 -> 
  custom:container-demuxer-ogg: 62fdf1f143b41e24485cea50d1cbac27 -> 
  custom:video-decoder-webm-vp8: 9c59270c3fd7afecdb556c50c9e8de78 -> 
  custom:audio-decoder-ogg-vorbis: bf7c407c2cedff20999df2af8eb42d56 -> 
========================================================================
Received Prepare
Refreshing native plugins compatible for Editor in 43.36 ms, found 3 plugins.
Preloading 0 native plugins for Editor in 0.00 ms.
Unloading 15 Unused Serialized files (Serialized files now loaded: 0)
Unloading 15 unused Assets / (21.9 KB). Loaded Objects now: 3890.
Memory consumption went from 51.1 MB to 51.1 MB.
Total: 14.293100 ms (FindLiveObjects: 0.390200 ms CreateObjectMapping: 0.408900 ms MarkObjects: 13.453100 ms  DeleteObjects: 0.039000 ms)

AssetImportParameters requested are different than current active one (requested -> active):
  custom:video-decoder-ogg-theora: a1e56fd34408186e4bbccfd4996cb3dc -> 
  custom:container-muxer-webm: aa71ff27fc2769a1b78a27578f13a17b -> 
  custom:container-demuxer-webm: 4f35f7cbe854078d1ac9338744f61a02 -> 
  custom:video-encoder-webm-vp8: eb34c28f22e8b96e1ab97ce403110664 -> 
  custom:video-codec-MediaFoundation-h265: 746d11721c4dcdbdad8f713fa42b33f4 -> 
  custom:audio-encoder-webm-vorbis: bf7c407c2cedff20999df2af8eb42d56 -> 
  custom:framework-win-MediaFoundation: 216162199b28c13a410421893ffa2e32 -> 
  custom:container-demuxer-ogg: 62fdf1f143b41e24485cea50d1cbac27 -> 
  custom:video-decoder-webm-vp8: 9c59270c3fd7afecdb556c50c9e8de78 -> 
  custom:audio-decoder-ogg-vorbis: bf7c407c2cedff20999df2af8eb42d56 -> 
========================================================================
Received Import Request.
  Time since last request: 699934.694889 seconds.
  path: Assets/ReferenceImageLibrary.asset
  artifactKey: Guid(ec446345ee02d9f499ed5f3be4b3184b) Importer(815301076,1909f56bfc062723c751e8b465ee728b)
Start importing Assets/ReferenceImageLibrary.asset using Guid(ec446345ee02d9f499ed5f3be4b3184b) Importer(815301076,1909f56bfc062723c751e8b465ee728b)  -> (artifact id: 'd9f76061224f4ede4a507623a2f90e61') in 0.069738 seconds 
========================================================================
Received Import Request.
  Time since last request: 12.159634 seconds.
  path: Assets/Prefabs/Whale.prefab
  artifactKey: Guid(6c3a976a97bc8694a9c9ffefce4c1c6a) Importer(815301076,1909f56bfc062723c751e8b465ee728b)
Start importing Assets/Prefabs/Whale.prefab using Guid(6c3a976a97bc8694a9c9ffefce4c1c6a) Importer(815301076,1909f56bfc062723c751e8b465ee728b)  -> (artifact id: '29e4158b6c960ddcb7be01825307009c') in 0.142515 seconds 
========================================================================
Received Import Request.
  Time since last request: 2.232022 seconds.
  path: Assets/Prefabs/Whale.prefab
  artifactKey: Guid(6c3a976a97bc8694a9c9ffefce4c1c6a) Importer(815301076,1909f56bfc062723c751e8b465ee728b)
Start importing Assets/Prefabs/Whale.prefab using Guid(6c3a976a97bc8694a9c9ffefce4c1c6a) Importer(815301076,1909f56bfc062723c751e8b465ee728b)  -> (artifact id: 'c5d525c2defd71c070a6554e932b46bb') in 0.035163 seconds 
========================================================================
Received Import Request.
  Time since last request: 6.039507 seconds.
  path: Assets/Prefabs/Butterfly.prefab
  artifactKey: Guid(8cb85399c256cff4eb516cbc57a861a1) Importer(815301076,1909f56bfc062723c751e8b465ee728b)
Start importing Assets/Prefabs/Butterfly.prefab using Guid(8cb85399c256cff4eb516cbc57a861a1) Importer(815301076,1909f56bfc062723c751e8b465ee728b)  -> (artifact id: 'fdff658acfaa816a4894d4aae890e5ff') in 0.084089 seconds 
========================================================================
Received Import Request.
  Time since last request: 13.407846 seconds.
  path: Assets/Prefabs/Butterfly.prefab
  artifactKey: Guid(8cb85399c256cff4eb516cbc57a861a1) Importer(815301076,1909f56bfc062723c751e8b465ee728b)
Start importing Assets/Prefabs/Butterfly.prefab using Guid(8cb85399c256cff4eb516cbc57a861a1) Importer(815301076,1909f56bfc062723c751e8b465ee728b)  -> (artifact id: '85295d4de970534a329fb69b9ee18890') in 0.068701 seconds 
========================================================================
Received Prepare
Refreshing native plugins compatible for Editor in 37.92 ms, found 3 plugins.
Preloading 0 native plugins for Editor in 0.00 ms.
Unloading 15 Unused Serialized files (Serialized files now loaded: 0)
Unloading 15 unused Assets / (21.9 KB). Loaded Objects now: 3900.
Memory consumption went from 68.5 MB to 68.4 MB.
Total: 15.918500 ms (FindLiveObjects: 0.489200 ms CreateObjectMapping: 0.500300 ms MarkObjects: 14.843100 ms  DeleteObjects: 0.083900 ms)

AssetImportParameters requested are different than current active one (requested -> active):
  custom:video-decoder-ogg-theora: a1e56fd34408186e4bbccfd4996cb3dc -> 
  custom:container-muxer-webm: aa71ff27fc2769a1b78a27578f13a17b -> 
  custom:container-demuxer-webm: 4f35f7cbe854078d1ac9338744f61a02 -> 
  custom:video-encoder-webm-vp8: eb34c28f22e8b96e1ab97ce403110664 -> 
  custom:video-codec-MediaFoundation-h265: 746d11721c4dcdbdad8f713fa42b33f4 -> 
  custom:audio-encoder-webm-vorbis: bf7c407c2cedff20999df2af8eb42d56 -> 
  custom:framework-win-MediaFoundation: 216162199b28c13a410421893ffa2e32 -> 
  custom:container-demuxer-ogg: 62fdf1f143b41e24485cea50d1cbac27 -> 
  custom:video-decoder-webm-vp8: 9c59270c3fd7afecdb556c50c9e8de78 -> 
  custom:audio-decoder-ogg-vorbis: bf7c407c2cedff20999df2af8eb42d56 -> 
========================================================================
Received Import Request.
  Time since last request: 175.005792 seconds.
  path: Assets/Prefabs/Whale.prefab
  artifactKey: Guid(6c3a976a97bc8694a9c9ffefce4c1c6a) Importer(815301076,1909f56bfc062723c751e8b465ee728b)
Start importing Assets/Prefabs/Whale.prefab using Guid(6c3a976a97bc8694a9c9ffefce4c1c6a) Importer(815301076,1909f56bfc062723c751e8b465ee728b)  -> (artifact id: 'aaa786bc62a1a1c41a4ae4ba92ec51b6') in 0.048969 seconds 
========================================================================
Received Import Request.
  Time since last request: 4.993061 seconds.
  path: Assets/Prefabs/Whale.prefab
  artifactKey: Guid(6c3a976a97bc8694a9c9ffefce4c1c6a) Importer(815301076,1909f56bfc062723c751e8b465ee728b)
Start importing Assets/Prefabs/Whale.prefab using Guid(6c3a976a97bc8694a9c9ffefce4c1c6a) Importer(815301076,1909f56bfc062723c751e8b465ee728b)  -> (artifact id: '66363929e382410b1cd3850a11eb8e70') in 0.039621 seconds 
========================================================================
Received Import Request.
  Time since last request: 18.738033 seconds.
  path: Assets/Prefabs/Whale.prefab
  artifactKey: Guid(6c3a976a97bc8694a9c9ffefce4c1c6a) Importer(815301076,1909f56bfc062723c751e8b465ee728b)
Start importing Assets/Prefabs/Whale.prefab using Guid(6c3a976a97bc8694a9c9ffefce4c1c6a) Importer(815301076,1909f56bfc062723c751e8b465ee728b)  -> (artifact id: '28e3efdec78566d84144483aa12bb370') in 0.054331 seconds 
========================================================================
Received Import Request.
  Time since last request: 14.090832 seconds.
  path: Assets/Prefabs/Crow.prefab
  artifactKey: Guid(d72d3815d9b58f1438bef73d43353a25) Importer(815301076,1909f56bfc062723c751e8b465ee728b)
Start importing Assets/Prefabs/Crow.prefab using Guid(d72d3815d9b58f1438bef73d43353a25) Importer(815301076,1909f56bfc062723c751e8b465ee728b)  -> (artifact id: '676696be37681677b3eb1b9b8030b748') in 0.072466 seconds 
========================================================================
Received Import Request.
  Time since last request: 1.675846 seconds.
  path: Assets/Prefabs/Crow.prefab
  artifactKey: Guid(d72d3815d9b58f1438bef73d43353a25) Importer(815301076,1909f56bfc062723c751e8b465ee728b)
Start importing Assets/Prefabs/Crow.prefab using Guid(d72d3815d9b58f1438bef73d43353a25) Importer(815301076,1909f56bfc062723c751e8b465ee728b)  -> (artifact id: 'b4b6662f453d73fa223d3b7675cda8f7') in 0.062628 seconds 
========================================================================
Received Prepare
Refreshing native plugins compatible for Editor in 53.73 ms, found 3 plugins.
Preloading 0 native plugins for Editor in 0.00 ms.
Unloading 15 Unused Serialized files (Serialized files now loaded: 0)
Unloading 15 unused Assets / (21.9 KB). Loaded Objects now: 3900.
Memory consumption went from 70.7 MB to 70.7 MB.
Total: 11.399200 ms (FindLiveObjects: 1.170700 ms CreateObjectMapping: 0.635600 ms MarkObjects: 9.510400 ms  DeleteObjects: 0.080700 ms)

AssetImportParameters requested are different than current active one (requested -> active):
  custom:video-decoder-ogg-theora: a1e56fd34408186e4bbccfd4996cb3dc -> 
  custom:container-muxer-webm: aa71ff27fc2769a1b78a27578f13a17b -> 
  custom:container-demuxer-webm: 4f35f7cbe854078d1ac9338744f61a02 -> 
  custom:video-encoder-webm-vp8: eb34c28f22e8b96e1ab97ce403110664 -> 
  custom:video-codec-MediaFoundation-h265: 746d11721c4dcdbdad8f713fa42b33f4 -> 
  custom:audio-encoder-webm-vorbis: bf7c407c2cedff20999df2af8eb42d56 -> 
  custom:framework-win-MediaFoundation: 216162199b28c13a410421893ffa2e32 -> 
  custom:container-demuxer-ogg: 62fdf1f143b41e24485cea50d1cbac27 -> 
  custom:video-decoder-webm-vp8: 9c59270c3fd7afecdb556c50c9e8de78 -> 
  custom:audio-decoder-ogg-vorbis: bf7c407c2cedff20999df2af8eb42d56 -> 
========================================================================
Received Import Request.
  Time since last request: 109.384037 seconds.
  path: Assets/Prefabs/Crow.prefab
  artifactKey: Guid(d72d3815d9b58f1438bef73d43353a25) Importer(815301076,1909f56bfc062723c751e8b465ee728b)
Start importing Assets/Prefabs/Crow.prefab using Guid(d72d3815d9b58f1438bef73d43353a25) Importer(815301076,1909f56bfc062723c751e8b465ee728b)  -> (artifact id: '0713d1011415a6fd8c0a100c2bf16d10') in 0.065514 seconds 
========================================================================
Received Import Request.
  Time since last request: 3.833149 seconds.
  path: Assets/Prefabs/Whale.prefab
  artifactKey: Guid(6c3a976a97bc8694a9c9ffefce4c1c6a) Importer(815301076,1909f56bfc062723c751e8b465ee728b)
Start importing Assets/Prefabs/Whale.prefab using Guid(6c3a976a97bc8694a9c9ffefce4c1c6a) Importer(815301076,1909f56bfc062723c751e8b465ee728b)  -> (artifact id: '62f0a8a077a3df0dbbad73a5d9c91a2b') in 0.030004 seconds 
========================================================================
Received Import Request.
  Time since last request: 1.786685 seconds.
  path: Assets/Prefabs/Whale.prefab
  artifactKey: Guid(6c3a976a97bc8694a9c9ffefce4c1c6a) Importer(815301076,1909f56bfc062723c751e8b465ee728b)
Start importing Assets/Prefabs/Whale.prefab using Guid(6c3a976a97bc8694a9c9ffefce4c1c6a) Importer(815301076,1909f56bfc062723c751e8b465ee728b)  -> (artifact id: '973f8c023fc256d18d3c5c1790205525') in 0.032692 seconds 
========================================================================
Received Import Request.
  Time since last request: 3.402276 seconds.
  path: Assets/Prefabs/Whale.prefab
  artifactKey: Guid(6c3a976a97bc8694a9c9ffefce4c1c6a) Importer(815301076,1909f56bfc062723c751e8b465ee728b)
Start importing Assets/Prefabs/Whale.prefab using Guid(6c3a976a97bc8694a9c9ffefce4c1c6a) Importer(815301076,1909f56bfc062723c751e8b465ee728b)  -> (artifact id: '7119672de0e788478bd4c94cc11a941d') in 0.041734 seconds 
========================================================================
Received Import Request.
  Time since last request: 18.932474 seconds.
  path: Assets/Prefabs/Butterfly.prefab
  artifactKey: Guid(8cb85399c256cff4eb516cbc57a861a1) Importer(815301076,1909f56bfc062723c751e8b465ee728b)
Start importing Assets/Prefabs/Butterfly.prefab using Guid(8cb85399c256cff4eb516cbc57a861a1) Importer(815301076,1909f56bfc062723c751e8b465ee728b)  -> (artifact id: '1548e9d05130290f54d771295da66e30') in 0.074298 seconds 
========================================================================
Received Prepare
Refreshing native plugins compatible for Editor in 62.86 ms, found 3 plugins.
Preloading 0 native plugins for Editor in 0.00 ms.
Unloading 15 Unused Serialized files (Serialized files now loaded: 0)
Unloading 15 unused Assets / (24.6 KB). Loaded Objects now: 3900.
Memory consumption went from 71.9 MB to 71.9 MB.
Total: 20.493300 ms (FindLiveObjects: 0.420300 ms CreateObjectMapping: 0.407600 ms MarkObjects: 19.422600 ms  DeleteObjects: 0.240700 ms)

AssetImportParameters requested are different than current active one (requested -> active):
  custom:video-decoder-ogg-theora: a1e56fd34408186e4bbccfd4996cb3dc -> 
  custom:container-muxer-webm: aa71ff27fc2769a1b78a27578f13a17b -> 
  custom:container-demuxer-webm: 4f35f7cbe854078d1ac9338744f61a02 -> 
  custom:video-encoder-webm-vp8: eb34c28f22e8b96e1ab97ce403110664 -> 
  custom:video-codec-MediaFoundation-h265: 746d11721c4dcdbdad8f713fa42b33f4 -> 
  custom:audio-encoder-webm-vorbis: bf7c407c2cedff20999df2af8eb42d56 -> 
  custom:framework-win-MediaFoundation: 216162199b28c13a410421893ffa2e32 -> 
  custom:container-demuxer-ogg: 62fdf1f143b41e24485cea50d1cbac27 -> 
  custom:video-decoder-webm-vp8: 9c59270c3fd7afecdb556c50c9e8de78 -> 
  custom:audio-decoder-ogg-vorbis: bf7c407c2cedff20999df2af8eb42d56 -> 
========================================================================
Received Import Request.
  Time since last request: 96.483571 seconds.
  path: Assets/Prefabs/Butterfly.prefab
  artifactKey: Guid(8cb85399c256cff4eb516cbc57a861a1) Importer(815301076,1909f56bfc062723c751e8b465ee728b)
Start importing Assets/Prefabs/Butterfly.prefab using Guid(8cb85399c256cff4eb516cbc57a861a1) Importer(815301076,1909f56bfc062723c751e8b465ee728b)  -> (artifact id: '0b850cea28aef6bb3b66c4f0e08dcc21') in 0.062354 seconds 
========================================================================
Received Import Request.
  Time since last request: 7.787398 seconds.
  path: Assets/Prefabs/Butterfly.prefab
  artifactKey: Guid(8cb85399c256cff4eb516cbc57a861a1) Importer(815301076,1909f56bfc062723c751e8b465ee728b)
Start importing Assets/Prefabs/Butterfly.prefab using Guid(8cb85399c256cff4eb516cbc57a861a1) Importer(815301076,1909f56bfc062723c751e8b465ee728b)  -> (artifact id: '95a0b9a10b4f928ad1a1068b2b93900c') in 0.064075 seconds 
========================================================================
Received Import Request.
  Time since last request: 34.504839 seconds.
  path: Assets/Prefabs/Crow.prefab
  artifactKey: Guid(d72d3815d9b58f1438bef73d43353a25) Importer(815301076,1909f56bfc062723c751e8b465ee728b)
Start importing Assets/Prefabs/Crow.prefab using Guid(d72d3815d9b58f1438bef73d43353a25) Importer(815301076,1909f56bfc062723c751e8b465ee728b)  -> (artifact id: '297de25d0469e8cbd85b7633ed852183') in 0.061700 seconds 
========================================================================
Received Import Request.
  Time since last request: 3.194858 seconds.
  path: Assets/Prefabs/Crow.prefab
  artifactKey: Guid(d72d3815d9b58f1438bef73d43353a25) Importer(815301076,1909f56bfc062723c751e8b465ee728b)
Start importing Assets/Prefabs/Crow.prefab using Guid(d72d3815d9b58f1438bef73d43353a25) Importer(815301076,1909f56bfc062723c751e8b465ee728b)  -> (artifact id: '3be56128f0ee0f5aa5b4f927aa4551bc') in 0.059430 seconds 
========================================================================
Received Import Request.
  Time since last request: 338.655966 seconds.
  path: Assets/Models/whale.mp3
  artifactKey: Guid(db11ca4480c112e4fbfe18aa343f1dd2) Importer(815301076,1909f56bfc062723c751e8b465ee728b)
Start importing Assets/Models/whale.mp3 using Guid(db11ca4480c112e4fbfe18aa343f1dd2) Importer(815301076,1909f56bfc062723c751e8b465ee728b)  -> (artifact id: '9ce42ec8f23a2877a49cbb54f3cd7c24') in 0.059892 seconds 
========================================================================
Received Import Request.
  Time since last request: 4.263690 seconds.
  path: Assets/Prefabs/Whale.prefab
  artifactKey: Guid(6c3a976a97bc8694a9c9ffefce4c1c6a) Importer(815301076,1909f56bfc062723c751e8b465ee728b)
Start importing Assets/Prefabs/Whale.prefab using Guid(6c3a976a97bc8694a9c9ffefce4c1c6a) Importer(815301076,1909f56bfc062723c751e8b465ee728b)  -> (artifact id: '81926b1ed81c75da4638175b9a056fee') in 0.042175 seconds 
========================================================================
Received Import Request.
  Time since last request: 7.810072 seconds.
  path: Assets/Prefabs/Whale.prefab
  artifactKey: Guid(6c3a976a97bc8694a9c9ffefce4c1c6a) Importer(815301076,1909f56bfc062723c751e8b465ee728b)
Start importing Assets/Prefabs/Whale.prefab using Guid(6c3a976a97bc8694a9c9ffefce4c1c6a) Importer(815301076,1909f56bfc062723c751e8b465ee728b)  -> (artifact id: 'ceb6bc5ebbbc089736e1432733c71b58') in 0.042409 seconds 
========================================================================
Received Import Request.
  Time since last request: 12.351310 seconds.
  path: Assets/Prefabs/Crow.prefab
  artifactKey: Guid(d72d3815d9b58f1438bef73d43353a25) Importer(815301076,1909f56bfc062723c751e8b465ee728b)
Start importing Assets/Prefabs/Crow.prefab using Guid(d72d3815d9b58f1438bef73d43353a25) Importer(815301076,1909f56bfc062723c751e8b465ee728b)  -> (artifact id: '124ea6e3998e07f3350290d69d35c381') in 0.066583 seconds 
========================================================================
Received Import Request.
  Time since last request: 392.735518 seconds.
  path: Assets/Prefabs/Whale.prefab
  artifactKey: Guid(6c3a976a97bc8694a9c9ffefce4c1c6a) Importer(815301076,1909f56bfc062723c751e8b465ee728b)
Start importing Assets/Prefabs/Whale.prefab using Guid(6c3a976a97bc8694a9c9ffefce4c1c6a) Importer(815301076,1909f56bfc062723c751e8b465ee728b)  -> (artifact id: 'f5ed1c00ae82efb950c7e0d03ec91742') in 0.040938 seconds 
========================================================================
Received Import Request.
  Time since last request: 5.379357 seconds.
  path: Assets/Prefabs/Crow.prefab
  artifactKey: Guid(d72d3815d9b58f1438bef73d43353a25) Importer(815301076,1909f56bfc062723c751e8b465ee728b)
Start importing Assets/Prefabs/Crow.prefab using Guid(d72d3815d9b58f1438bef73d43353a25) Importer(815301076,1909f56bfc062723c751e8b465ee728b)  -> (artifact id: '407ca7e68ab26c78dfdb4ab4771524be') in 0.073898 seconds 
========================================================================
Received Import Request.
  Time since last request: 39.210701 seconds.
  path: Assets/Models/Butterfly.wav
  artifactKey: Guid(1ea8376dbc1aa3440bdb1b1a4d2755cc) Importer(815301076,1909f56bfc062723c751e8b465ee728b)
Start importing Assets/Models/Butterfly.wav using Guid(1ea8376dbc1aa3440bdb1b1a4d2755cc) Importer(815301076,1909f56bfc062723c751e8b465ee728b)  -> (artifact id: 'd2f2b78bde39623747ed403fb412fd9f') in 0.018162 seconds 
========================================================================
Received Import Request.
  Time since last request: 8.810606 seconds.
  path: Assets/Prefabs/Butterfly.prefab
  artifactKey: Guid(8cb85399c256cff4eb516cbc57a861a1) Importer(815301076,1909f56bfc062723c751e8b465ee728b)
Start importing Assets/Prefabs/Butterfly.prefab using Guid(8cb85399c256cff4eb516cbc57a861a1) Importer(815301076,1909f56bfc062723c751e8b465ee728b)  -> (artifact id: '6aeb5504684be0ba90fb638ce05cb757') in 0.126202 seconds 
========================================================================
Received Import Request.
  Time since last request: 2.895467 seconds.
  path: Assets/Prefabs/Butterfly.prefab
  artifactKey: Guid(8cb85399c256cff4eb516cbc57a861a1) Importer(815301076,1909f56bfc062723c751e8b465ee728b)
Start importing Assets/Prefabs/Butterfly.prefab using Guid(8cb85399c256cff4eb516cbc57a861a1) Importer(815301076,1909f56bfc062723c751e8b465ee728b)  -> (artifact id: 'a989d2471c41ac523cfe2a2e67bdb92b') in 0.082951 seconds 
========================================================================
Received Prepare
Refreshing native plugins compatible for Editor in 25.68 ms, found 3 plugins.
Preloading 0 native plugins for Editor in 0.00 ms.
Unloading 15 Unused Serialized files (Serialized files now loaded: 0)
Unloading 15 unused Assets / (21.9 KB). Loaded Objects now: 3902.
Memory consumption went from 74.7 MB to 74.7 MB.
Total: 15.765600 ms (FindLiveObjects: 0.462000 ms CreateObjectMapping: 0.537000 ms MarkObjects: 14.725500 ms  DeleteObjects: 0.039700 ms)

AssetImportParameters requested are different than current active one (requested -> active):
  custom:video-decoder-ogg-theora: a1e56fd34408186e4bbccfd4996cb3dc -> 
  custom:container-muxer-webm: aa71ff27fc2769a1b78a27578f13a17b -> 
  custom:container-demuxer-webm: 4f35f7cbe854078d1ac9338744f61a02 -> 
  custom:video-encoder-webm-vp8: eb34c28f22e8b96e1ab97ce403110664 -> 
  custom:video-codec-MediaFoundation-h265: 746d11721c4dcdbdad8f713fa42b33f4 -> 
  custom:audio-encoder-webm-vorbis: bf7c407c2cedff20999df2af8eb42d56 -> 
  custom:framework-win-MediaFoundation: 216162199b28c13a410421893ffa2e32 -> 
  custom:container-demuxer-ogg: 62fdf1f143b41e24485cea50d1cbac27 -> 
  custom:video-decoder-webm-vp8: 9c59270c3fd7afecdb556c50c9e8de78 -> 
  custom:audio-decoder-ogg-vorbis: bf7c407c2cedff20999df2af8eb42d56 -> 
========================================================================
Received Import Request.
  Time since last request: 118.843157 seconds.
  path: Assets/Prefabs/Butterfly.prefab
  artifactKey: Guid(8cb85399c256cff4eb516cbc57a861a1) Importer(815301076,1909f56bfc062723c751e8b465ee728b)
Start importing Assets/Prefabs/Butterfly.prefab using Guid(8cb85399c256cff4eb516cbc57a861a1) Importer(815301076,1909f56bfc062723c751e8b465ee728b)  -> (artifact id: 'b53c5ac5f6e8a70ef5223a34e12dc5b3') in 0.065289 seconds 
========================================================================
Received Import Request.
  Time since last request: 2.470512 seconds.
  path: Assets/Prefabs/Butterfly.prefab
  artifactKey: Guid(8cb85399c256cff4eb516cbc57a861a1) Importer(815301076,1909f56bfc062723c751e8b465ee728b)
Start importing Assets/Prefabs/Butterfly.prefab using Guid(8cb85399c256cff4eb516cbc57a861a1) Importer(815301076,1909f56bfc062723c751e8b465ee728b)  -> (artifact id: '912e8b1c53eb966c2a64689918cba810') in 0.071587 seconds 
========================================================================
Received Import Request.
  Time since last request: 2.740308 seconds.
  path: Assets/Prefabs/Butterfly.prefab
  artifactKey: Guid(8cb85399c256cff4eb516cbc57a861a1) Importer(815301076,1909f56bfc062723c751e8b465ee728b)
Start importing Assets/Prefabs/Butterfly.prefab using Guid(8cb85399c256cff4eb516cbc57a861a1) Importer(815301076,1909f56bfc062723c751e8b465ee728b)  -> (artifact id: 'defb2b6d20e34e98762b89b2b38bba51') in 0.072452 seconds 
========================================================================
Received Import Request.
  Time since last request: 0.947883 seconds.
  path: Assets/Prefabs/Butterfly.prefab
  artifactKey: Guid(8cb85399c256cff4eb516cbc57a861a1) Importer(815301076,1909f56bfc062723c751e8b465ee728b)
Start importing Assets/Prefabs/Butterfly.prefab using Guid(8cb85399c256cff4eb516cbc57a861a1) Importer(815301076,1909f56bfc062723c751e8b465ee728b)  -> (artifact id: '94b75f5ba4cbab312d3ec34e3b56a361') in 0.062007 seconds 
========================================================================
Received Import Request.
  Time since last request: 3.561367 seconds.
  path: Assets/Prefabs/Butterfly.prefab
  artifactKey: Guid(8cb85399c256cff4eb516cbc57a861a1) Importer(815301076,1909f56bfc062723c751e8b465ee728b)
Start importing Assets/Prefabs/Butterfly.prefab using Guid(8cb85399c256cff4eb516cbc57a861a1) Importer(815301076,1909f56bfc062723c751e8b465ee728b)  -> (artifact id: '57da2064dbe8f380fcd5430a401b920d') in 0.071647 seconds 
========================================================================
Received Prepare
Refreshing native plugins compatible for Editor in 25.43 ms, found 3 plugins.
Preloading 0 native plugins for Editor in 0.00 ms.
Unloading 15 Unused Serialized files (Serialized files now loaded: 0)
Unloading 15 unused Assets / (21.9 KB). Loaded Objects now: 3902.
Memory consumption went from 75.0 MB to 75.0 MB.
Total: 6.680200 ms (FindLiveObjects: 0.453900 ms CreateObjectMapping: 0.365900 ms MarkObjects: 5.821200 ms  DeleteObjects: 0.037000 ms)

AssetImportParameters requested are different than current active one (requested -> active):
  custom:video-decoder-ogg-theora: a1e56fd34408186e4bbccfd4996cb3dc -> 
  custom:container-muxer-webm: aa71ff27fc2769a1b78a27578f13a17b -> 
  custom:container-demuxer-webm: 4f35f7cbe854078d1ac9338744f61a02 -> 
  custom:video-encoder-webm-vp8: eb34c28f22e8b96e1ab97ce403110664 -> 
  custom:video-codec-MediaFoundation-h265: 746d11721c4dcdbdad8f713fa42b33f4 -> 
  custom:audio-encoder-webm-vorbis: bf7c407c2cedff20999df2af8eb42d56 -> 
  custom:framework-win-MediaFoundation: 216162199b28c13a410421893ffa2e32 -> 
  custom:container-demuxer-ogg: 62fdf1f143b41e24485cea50d1cbac27 -> 
  custom:video-decoder-webm-vp8: 9c59270c3fd7afecdb556c50c9e8de78 -> 
  custom:audio-decoder-ogg-vorbis: bf7c407c2cedff20999df2af8eb42d56 -> 
========================================================================
Received Import Request.
  Time since last request: 86.797626 seconds.
  path: Assets/Prefabs/Butterfly.prefab
  artifactKey: Guid(8cb85399c256cff4eb516cbc57a861a1) Importer(815301076,1909f56bfc062723c751e8b465ee728b)
Start importing Assets/Prefabs/Butterfly.prefab using Guid(8cb85399c256cff4eb516cbc57a861a1) Importer(815301076,1909f56bfc062723c751e8b465ee728b)  -> (artifact id: 'a279eb4b4e304af9364625658b02491c') in 0.066336 seconds 
========================================================================
Received Import Request.
  Time since last request: 4.747426 seconds.
  path: Assets/Prefabs/Butterfly.prefab
  artifactKey: Guid(8cb85399c256cff4eb516cbc57a861a1) Importer(815301076,1909f56bfc062723c751e8b465ee728b)
Start importing Assets/Prefabs/Butterfly.prefab using Guid(8cb85399c256cff4eb516cbc57a861a1) Importer(815301076,1909f56bfc062723c751e8b465ee728b)  -> (artifact id: 'c1c53cc40f2d27af33364783c7848da4') in 0.060670 seconds 
========================================================================
Received Prepare
Refreshing native plugins compatible for Editor in 15.52 ms, found 3 plugins.
Preloading 0 native plugins for Editor in 0.00 ms.
Unloading 15 Unused Serialized files (Serialized files now loaded: 0)
Unloading 15 unused Assets / (21.9 KB). Loaded Objects now: 3902.
Memory consumption went from 75.0 MB to 75.0 MB.
Total: 5.580900 ms (FindLiveObjects: 0.352200 ms CreateObjectMapping: 0.305900 ms MarkObjects: 4.894300 ms  DeleteObjects: 0.027300 ms)

AssetImportParameters requested are different than current active one (requested -> active):
  custom:video-decoder-ogg-theora: a1e56fd34408186e4bbccfd4996cb3dc -> 
  custom:container-muxer-webm: aa71ff27fc2769a1b78a27578f13a17b -> 
  custom:container-demuxer-webm: 4f35f7cbe854078d1ac9338744f61a02 -> 
  custom:video-encoder-webm-vp8: eb34c28f22e8b96e1ab97ce403110664 -> 
  custom:video-codec-MediaFoundation-h265: 746d11721c4dcdbdad8f713fa42b33f4 -> 
  custom:audio-encoder-webm-vorbis: bf7c407c2cedff20999df2af8eb42d56 -> 
  custom:framework-win-MediaFoundation: 216162199b28c13a410421893ffa2e32 -> 
  custom:container-demuxer-ogg: 62fdf1f143b41e24485cea50d1cbac27 -> 
  custom:video-decoder-webm-vp8: 9c59270c3fd7afecdb556c50c9e8de78 -> 
  custom:audio-decoder-ogg-vorbis: bf7c407c2cedff20999df2af8eb42d56 -> 
========================================================================
Received Import Request.
  Time since last request: 174.703012 seconds.
  path: Assets/Prefabs/Butterfly.prefab
  artifactKey: Guid(8cb85399c256cff4eb516cbc57a861a1) Importer(815301076,1909f56bfc062723c751e8b465ee728b)
Start importing Assets/Prefabs/Butterfly.prefab using Guid(8cb85399c256cff4eb516cbc57a861a1) Importer(815301076,1909f56bfc062723c751e8b465ee728b)  -> (artifact id: '545a29168522d8b71220dee456f19ee9') in 0.054809 seconds 
========================================================================
Received Import Request.
  Time since last request: 8.566857 seconds.
  path: Assets/Prefabs/Butterfly.prefab
  artifactKey: Guid(8cb85399c256cff4eb516cbc57a861a1) Importer(815301076,1909f56bfc062723c751e8b465ee728b)
Start importing Assets/Prefabs/Butterfly.prefab using Guid(8cb85399c256cff4eb516cbc57a861a1) Importer(815301076,1909f56bfc062723c751e8b465ee728b)  -> (artifact id: '3f3d5644325d837238103d879df5d9d2') in 0.066150 seconds 
========================================================================
Received Prepare
Refreshing native plugins compatible for Editor in 28.02 ms, found 3 plugins.
Preloading 0 native plugins for Editor in 0.00 ms.
Unloading 15 Unused Serialized files (Serialized files now loaded: 0)
Unloading 15 unused Assets / (21.9 KB). Loaded Objects now: 3902.
Memory consumption went from 75.0 MB to 75.0 MB.
Total: 6.917400 ms (FindLiveObjects: 0.671800 ms CreateObjectMapping: 0.404000 ms MarkObjects: 5.789100 ms  DeleteObjects: 0.050700 ms)

AssetImportParameters requested are different than current active one (requested -> active):
  custom:video-decoder-ogg-theora: a1e56fd34408186e4bbccfd4996cb3dc -> 
  custom:container-muxer-webm: aa71ff27fc2769a1b78a27578f13a17b -> 
  custom:container-demuxer-webm: 4f35f7cbe854078d1ac9338744f61a02 -> 
  custom:video-encoder-webm-vp8: eb34c28f22e8b96e1ab97ce403110664 -> 
  custom:video-codec-MediaFoundation-h265: 746d11721c4dcdbdad8f713fa42b33f4 -> 
  custom:audio-encoder-webm-vorbis: bf7c407c2cedff20999df2af8eb42d56 -> 
  custom:framework-win-MediaFoundation: 216162199b28c13a410421893ffa2e32 -> 
  custom:container-demuxer-ogg: 62fdf1f143b41e24485cea50d1cbac27 -> 
  custom:video-decoder-webm-vp8: 9c59270c3fd7afecdb556c50c9e8de78 -> 
  custom:audio-decoder-ogg-vorbis: bf7c407c2cedff20999df2af8eb42d56 -> 
========================================================================
Received Import Request.
  Time since last request: 342.586360 seconds.
  path: Assets/Prefabs/Butterfly 1.prefab
  artifactKey: Guid(313c7263fa4470d49a3330201a4d3ddc) Importer(815301076,1909f56bfc062723c751e8b465ee728b)
Start importing Assets/Prefabs/Butterfly 1.prefab using Guid(313c7263fa4470d49a3330201a4d3ddc) Importer(815301076,1909f56bfc062723c751e8b465ee728b)  -> (artifact id: 'bafa22b63693400058bafd6b6f8d6fbe') in 0.080733 seconds 
========================================================================
Received Import Request.
  Time since last request: 5.753502 seconds.
  path: Assets/Prefabs/Butterfly 1.prefab
  artifactKey: Guid(313c7263fa4470d49a3330201a4d3ddc) Importer(815301076,1909f56bfc062723c751e8b465ee728b)
Start importing Assets/Prefabs/Butterfly 1.prefab using Guid(313c7263fa4470d49a3330201a4d3ddc) Importer(815301076,1909f56bfc062723c751e8b465ee728b)  -> (artifact id: 'c8f3839391266e0614a554fe03d885fe') in 0.080322 seconds 
========================================================================
Received Import Request.
  Time since last request: 4.330782 seconds.
  path: Assets/Prefabs/Butterfly.prefab
  artifactKey: Guid(313c7263fa4470d49a3330201a4d3ddc) Importer(815301076,1909f56bfc062723c751e8b465ee728b)
Start importing Assets/Prefabs/Butterfly.prefab using Guid(313c7263fa4470d49a3330201a4d3ddc) Importer(815301076,1909f56bfc062723c751e8b465ee728b)  -> (artifact id: '19cfc585eeca8c88d81468f102a75ceb') in 0.101502 seconds 
========================================================================
Received Import Request.
  Time since last request: 9.181357 seconds.
  path: Assets/Prefabs/Butterfly.prefab
  artifactKey: Guid(313c7263fa4470d49a3330201a4d3ddc) Importer(815301076,1909f56bfc062723c751e8b465ee728b)
Start importing Assets/Prefabs/Butterfly.prefab using Guid(313c7263fa4470d49a3330201a4d3ddc) Importer(815301076,1909f56bfc062723c751e8b465ee728b)  -> (artifact id: '67ae831a5d91651ff210b1039df0c276') in 0.078911 seconds 
========================================================================
Received Import Request.
  Time since last request: 66.785825 seconds.
  path: Assets/Scenes/New Scene.unity
  artifactKey: Guid(d8b3d54d3ed23754b969978ceba624a6) Importer(815301076,1909f56bfc062723c751e8b465ee728b)
Start importing Assets/Scenes/New Scene.unity using Guid(d8b3d54d3ed23754b969978ceba624a6) Importer(815301076,1909f56bfc062723c751e8b465ee728b)  -> (artifact id: 'd0bddca51ab70003e547528109171c56') in 0.004885 seconds 
========================================================================
Received Import Request.
  Time since last request: 10.516504 seconds.
  path: Assets/Scenes/SampleScene.unity
  artifactKey: Guid(9fc0d4010bbf28b4594072e72b8655ab) Importer(815301076,1909f56bfc062723c751e8b465ee728b)
Start importing Assets/Scenes/SampleScene.unity using Guid(9fc0d4010bbf28b4594072e72b8655ab) Importer(815301076,1909f56bfc062723c751e8b465ee728b)  -> (artifact id: 'fd5a435517a6d13d99fafec57487569a') in 0.004791 seconds 
========================================================================
Received Import Request.
  Time since last request: 16.004325 seconds.
  path: Assets/ReferenceImageLibrary.asset
  artifactKey: Guid(ec446345ee02d9f499ed5f3be4b3184b) Importer(815301076,1909f56bfc062723c751e8b465ee728b)
Start importing Assets/ReferenceImageLibrary.asset using Guid(ec446345ee02d9f499ed5f3be4b3184b) Importer(815301076,1909f56bfc062723c751e8b465ee728b)  -> (artifact id: '7c6dd676287b9a3a76c8a26cb96e7cc2') in 0.009148 seconds 
========================================================================
Received Import Request.
  Time since last request: 590.181272 seconds.
  path: Assets/Models/WhatAnimal.jpg
  artifactKey: Guid(4022718c4a9b7f5418708b78701f7fde) Importer(815301076,1909f56bfc062723c751e8b465ee728b)
Start importing Assets/Models/WhatAnimal.jpg using Guid(4022718c4a9b7f5418708b78701f7fde) Importer(815301076,1909f56bfc062723c751e8b465ee728b)  -> (artifact id: 'f59890e375702e4e8ee722a80cd7a232') in 0.058623 seconds 
========================================================================
Received Import Request.
  Time since last request: 11.852180 seconds.
  path: Assets/Models/WhatAnimal.jpg
  artifactKey: Guid(4022718c4a9b7f5418708b78701f7fde) Importer(815301076,1909f56bfc062723c751e8b465ee728b)
Start importing Assets/Models/WhatAnimal.jpg using Guid(4022718c4a9b7f5418708b78701f7fde) Importer(815301076,1909f56bfc062723c751e8b465ee728b)  -> (artifact id: '192e344deb31f30b3244192a6369ad74') in 0.161680 seconds 
========================================================================
Received Import Request.
  Time since last request: 177.568186 seconds.
  path: Assets/Scripts/Scene.cs
  artifactKey: Guid(d3c47b08dd59bb54ea0ad8adebca2c15) Importer(815301076,1909f56bfc062723c751e8b465ee728b)
Start importing Assets/Scripts/Scene.cs using Guid(d3c47b08dd59bb54ea0ad8adebca2c15) Importer(815301076,1909f56bfc062723c751e8b465ee728b)  -> (artifact id: '509cfb06cbb1de2fae469858a3a0ef42') in 0.011320 seconds 
========================================================================
Received Prepare
Registering precompiled user dll's ...
Registered in 0.023225 seconds.
Begin MonoManager ReloadAssembly
Symbol file LoadedFromMemory doesn't match image C:\UnityProject\AR-Image-Tracking\Library\PackageCache\com.unity.visualscripting@1.8.0\Editor\VisualScripting.Core\Dependencies\YamlDotNet\Unity.VisualScripting.YamlDotNet.dll
Symbol file LoadedFromMemory doesn't match image C:\UnityProject\AR-Image-Tracking\Library\PackageCache\com.unity.visualscripting@1.8.0\Editor\VisualScripting.Core\Dependencies\DotNetZip\Unity.VisualScripting.IonicZip.dll
Native extension for WindowsStandalone target not found
Native extension for Android target not found
Refreshing native plugins compatible for Editor in 0.89 ms, found 3 plugins.
Preloading 0 native plugins for Editor in 0.00 ms.
Mono: successfully reloaded assembly
- Completed reload, in  3.200 seconds
Domain Reload Profiling:
	ReloadAssembly (3201ms)
		BeginReloadAssembly (557ms)
			ExecutionOrderSort (0ms)
			DisableScriptedObjects (20ms)
			BackupInstance (0ms)
			ReleaseScriptingObjects (0ms)
			CreateAndSetChildDomain (206ms)
		EndReloadAssembly (2237ms)
			LoadAssemblies (404ms)
			RebuildTransferFunctionScriptingTraits (0ms)
			SetupTypeCache (814ms)
			ReleaseScriptCaches (2ms)
			RebuildScriptCaches (134ms)
			SetupLoadedEditorAssemblies (770ms)
				LogAssemblyErrors (0ms)
				InitializePlatformSupportModulesInManaged (53ms)
				SetLoadedEditorAssemblies (1ms)
				RefreshPlugins (1ms)
				BeforeProcessingInitializeOnLoad (206ms)
				ProcessInitializeOnLoadAttributes (441ms)
				ProcessInitializeOnLoadMethodAttributes (45ms)
				AfterProcessingInitializeOnLoad (24ms)
				EditorAssembliesLoaded (0ms)
			ExecutionOrderSort2 (0ms)
			AwakeInstancesAfterBackupRestoration (40ms)
Platform modules already initialized, skipping
Refreshing native plugins compatible for Editor in 4.78 ms, found 3 plugins.
Preloading 0 native plugins for Editor in 0.00 ms.
Unloading 3408 Unused Serialized files (Serialized files now loaded: 0)
Unloading 16 unused Assets / (42.2 KB). Loaded Objects now: 3910.
Memory consumption went from 137.2 MB to 137.1 MB.
Total: 7.457100 ms (FindLiveObjects: 1.046900 ms CreateObjectMapping: 0.460200 ms MarkObjects: 5.775100 ms  DeleteObjects: 0.173300 ms)

AssetImportParameters requested are different than current active one (requested -> active):
  custom:video-decoder-ogg-theora: a1e56fd34408186e4bbccfd4996cb3dc -> 
  custom:container-muxer-webm: aa71ff27fc2769a1b78a27578f13a17b -> 
  custom:container-demuxer-webm: 4f35f7cbe854078d1ac9338744f61a02 -> 
  custom:video-encoder-webm-vp8: eb34c28f22e8b96e1ab97ce403110664 -> 
  custom:video-codec-MediaFoundation-h265: 746d11721c4dcdbdad8f713fa42b33f4 -> 
  custom:audio-encoder-webm-vorbis: bf7c407c2cedff20999df2af8eb42d56 -> 
  custom:framework-win-MediaFoundation: 216162199b28c13a410421893ffa2e32 -> 
  custom:container-demuxer-ogg: 62fdf1f143b41e24485cea50d1cbac27 -> 
  custom:video-decoder-webm-vp8: 9c59270c3fd7afecdb556c50c9e8de78 -> 
  custom:audio-decoder-ogg-vorbis: bf7c407c2cedff20999df2af8eb42d56 -> 
========================================================================
Received Prepare
Registering precompiled user dll's ...
Registered in 0.019197 seconds.
Begin MonoManager ReloadAssembly
Symbol file LoadedFromMemory doesn't match image C:\UnityProject\AR-Image-Tracking\Library\PackageCache\com.unity.visualscripting@1.8.0\Editor\VisualScripting.Core\Dependencies\YamlDotNet\Unity.VisualScripting.YamlDotNet.dll
Symbol file LoadedFromMemory doesn't match image C:\UnityProject\AR-Image-Tracking\Library\PackageCache\com.unity.visualscripting@1.8.0\Editor\VisualScripting.Core\Dependencies\DotNetZip\Unity.VisualScripting.IonicZip.dll
Native extension for WindowsStandalone target not found
Native extension for Android target not found
Refreshing native plugins compatible for Editor in 1.46 ms, found 3 plugins.
Preloading 0 native plugins for Editor in 0.00 ms.
Mono: successfully reloaded assembly
- Completed reload, in  2.348 seconds
Domain Reload Profiling:
	ReloadAssembly (2350ms)
		BeginReloadAssembly (347ms)
			ExecutionOrderSort (0ms)
			DisableScriptedObjects (10ms)
			BackupInstance (0ms)
			ReleaseScriptingObjects (0ms)
			CreateAndSetChildDomain (69ms)
		EndReloadAssembly (1739ms)
			LoadAssemblies (331ms)
			RebuildTransferFunctionScriptingTraits (0ms)
			SetupTypeCache (648ms)
			ReleaseScriptCaches (2ms)
			RebuildScriptCaches (92ms)
			SetupLoadedEditorAssemblies (633ms)
				LogAssemblyErrors (0ms)
				InitializePlatformSupportModulesInManaged (49ms)
				SetLoadedEditorAssemblies (1ms)
				RefreshPlugins (2ms)
				BeforeProcessingInitializeOnLoad (184ms)
				ProcessInitializeOnLoadAttributes (360ms)
				ProcessInitializeOnLoadMethodAttributes (26ms)
				AfterProcessingInitializeOnLoad (11ms)
				EditorAssembliesLoaded (0ms)
			ExecutionOrderSort2 (0ms)
			AwakeInstancesAfterBackupRestoration (22ms)
Platform modules already initialized, skipping
Refreshing native plugins compatible for Editor in 5.19 ms, found 3 plugins.
Preloading 0 native plugins for Editor in 0.00 ms.
Unloading 3409 Unused Serialized files (Serialized files now loaded: 0)
Unloading 16 unused Assets / (42.2 KB). Loaded Objects now: 3914.
Memory consumption went from 137.4 MB to 137.4 MB.
Total: 3.475600 ms (FindLiveObjects: 0.279300 ms CreateObjectMapping: 0.198900 ms MarkObjects: 2.934200 ms  DeleteObjects: 0.062100 ms)

AssetImportParameters requested are different than current active one (requested -> active):
  custom:video-decoder-ogg-theora: a1e56fd34408186e4bbccfd4996cb3dc -> 
  custom:container-muxer-webm: aa71ff27fc2769a1b78a27578f13a17b -> 
  custom:container-demuxer-webm: 4f35f7cbe854078d1ac9338744f61a02 -> 
  custom:video-encoder-webm-vp8: eb34c28f22e8b96e1ab97ce403110664 -> 
  custom:video-codec-MediaFoundation-h265: 746d11721c4dcdbdad8f713fa42b33f4 -> 
  custom:audio-encoder-webm-vorbis: bf7c407c2cedff20999df2af8eb42d56 -> 
  custom:framework-win-MediaFoundation: 216162199b28c13a410421893ffa2e32 -> 
  custom:container-demuxer-ogg: 62fdf1f143b41e24485cea50d1cbac27 -> 
  custom:video-decoder-webm-vp8: 9c59270c3fd7afecdb556c50c9e8de78 -> 
  custom:audio-decoder-ogg-vorbis: bf7c407c2cedff20999df2af8eb42d56 -> 
========================================================================
Received Prepare
Registering precompiled user dll's ...
Registered in 0.019499 seconds.
Begin MonoManager ReloadAssembly
Symbol file LoadedFromMemory doesn't match image C:\UnityProject\AR-Image-Tracking\Library\PackageCache\com.unity.visualscripting@1.8.0\Editor\VisualScripting.Core\Dependencies\YamlDotNet\Unity.VisualScripting.YamlDotNet.dll
Symbol file LoadedFromMemory doesn't match image C:\UnityProject\AR-Image-Tracking\Library\PackageCache\com.unity.visualscripting@1.8.0\Editor\VisualScripting.Core\Dependencies\DotNetZip\Unity.VisualScripting.IonicZip.dll
Native extension for WindowsStandalone target not found
Native extension for Android target not found
Refreshing native plugins compatible for Editor in 1.46 ms, found 3 plugins.
Preloading 0 native plugins for Editor in 0.00 ms.
Mono: successfully reloaded assembly
- Completed reload, in  2.695 seconds
Domain Reload Profiling:
	ReloadAssembly (2697ms)
		BeginReloadAssembly (343ms)
			ExecutionOrderSort (0ms)
			DisableScriptedObjects (10ms)
			BackupInstance (0ms)
			ReleaseScriptingObjects (0ms)
			CreateAndSetChildDomain (64ms)
		EndReloadAssembly (2075ms)
			LoadAssemblies (354ms)
			RebuildTransferFunctionScriptingTraits (0ms)
			SetupTypeCache (693ms)
			ReleaseScriptCaches (3ms)
			RebuildScriptCaches (162ms)
			SetupLoadedEditorAssemblies (723ms)
				LogAssemblyErrors (0ms)
				InitializePlatformSupportModulesInManaged (50ms)
				SetLoadedEditorAssemblies (1ms)
				RefreshPlugins (2ms)
				BeforeProcessingInitializeOnLoad (171ms)
				ProcessInitializeOnLoadAttributes (433ms)
				ProcessInitializeOnLoadMethodAttributes (41ms)
				AfterProcessingInitializeOnLoad (25ms)
				EditorAssembliesLoaded (0ms)
			ExecutionOrderSort2 (0ms)
			AwakeInstancesAfterBackupRestoration (37ms)
Platform modules already initialized, skipping
Refreshing native plugins compatible for Editor in 4.55 ms, found 3 plugins.
Preloading 0 native plugins for Editor in 0.00 ms.
Unloading 3409 Unused Serialized files (Serialized files now loaded: 0)
Unloading 16 unused Assets / (42.1 KB). Loaded Objects now: 3918.
Memory consumption went from 137.4 MB to 137.4 MB.
Total: 3.467300 ms (FindLiveObjects: 0.283700 ms CreateObjectMapping: 0.186100 ms MarkObjects: 2.933300 ms  DeleteObjects: 0.062700 ms)

AssetImportParameters requested are different than current active one (requested -> active):
  custom:video-decoder-ogg-theora: a1e56fd34408186e4bbccfd4996cb3dc -> 
  custom:container-muxer-webm: aa71ff27fc2769a1b78a27578f13a17b -> 
  custom:container-demuxer-webm: 4f35f7cbe854078d1ac9338744f61a02 -> 
  custom:video-encoder-webm-vp8: eb34c28f22e8b96e1ab97ce403110664 -> 
  custom:video-codec-MediaFoundation-h265: 746d11721c4dcdbdad8f713fa42b33f4 -> 
  custom:audio-encoder-webm-vorbis: bf7c407c2cedff20999df2af8eb42d56 -> 
  custom:framework-win-MediaFoundation: 216162199b28c13a410421893ffa2e32 -> 
  custom:container-demuxer-ogg: 62fdf1f143b41e24485cea50d1cbac27 -> 
  custom:video-decoder-webm-vp8: 9c59270c3fd7afecdb556c50c9e8de78 -> 
  custom:audio-decoder-ogg-vorbis: bf7c407c2cedff20999df2af8eb42d56 -> 
========================================================================
Received Prepare
Registering precompiled user dll's ...
Registered in 0.025175 seconds.
Begin MonoManager ReloadAssembly
Symbol file LoadedFromMemory doesn't match image C:\UnityProject\AR-Image-Tracking\Library\PackageCache\com.unity.visualscripting@1.8.0\Editor\VisualScripting.Core\Dependencies\YamlDotNet\Unity.VisualScripting.YamlDotNet.dll
Symbol file LoadedFromMemory doesn't match image C:\UnityProject\AR-Image-Tracking\Library\PackageCache\com.unity.visualscripting@1.8.0\Editor\VisualScripting.Core\Dependencies\DotNetZip\Unity.VisualScripting.IonicZip.dll
Native extension for WindowsStandalone target not found
Native extension for Android target not found
Refreshing native plugins compatible for Editor in 1.07 ms, found 3 plugins.
Preloading 0 native plugins for Editor in 0.00 ms.
Mono: successfully reloaded assembly
- Completed reload, in  2.347 seconds
Domain Reload Profiling:
	ReloadAssembly (2349ms)
		BeginReloadAssembly (237ms)
			ExecutionOrderSort (0ms)
			DisableScriptedObjects (8ms)
			BackupInstance (0ms)
			ReleaseScriptingObjects (0ms)
			CreateAndSetChildDomain (50ms)
		EndReloadAssembly (1898ms)
			LoadAssemblies (289ms)
			RebuildTransferFunctionScriptingTraits (0ms)
			SetupTypeCache (623ms)
			ReleaseScriptCaches (2ms)
			RebuildScriptCaches (89ms)
			SetupLoadedEditorAssemblies (733ms)
				LogAssemblyErrors (0ms)
				InitializePlatformSupportModulesInManaged (48ms)
				SetLoadedEditorAssemblies (1ms)
				RefreshPlugins (1ms)
				BeforeProcessingInitializeOnLoad (177ms)
				ProcessInitializeOnLoadAttributes (413ms)
				ProcessInitializeOnLoadMethodAttributes (54ms)
				AfterProcessingInitializeOnLoad (38ms)
				EditorAssembliesLoaded (0ms)
			ExecutionOrderSort2 (0ms)
			AwakeInstancesAfterBackupRestoration (48ms)
Platform modules already initialized, skipping
Refreshing native plugins compatible for Editor in 4.05 ms, found 3 plugins.
Preloading 0 native plugins for Editor in 0.00 ms.
Unloading 3409 Unused Serialized files (Serialized files now loaded: 0)
Unloading 16 unused Assets / (42.1 KB). Loaded Objects now: 3922.
Memory consumption went from 137.4 MB to 137.4 MB.
Total: 3.191400 ms (FindLiveObjects: 0.304300 ms CreateObjectMapping: 0.190500 ms MarkObjects: 2.632300 ms  DeleteObjects: 0.062900 ms)

AssetImportParameters requested are different than current active one (requested -> active):
  custom:video-decoder-ogg-theora: a1e56fd34408186e4bbccfd4996cb3dc -> 
  custom:container-muxer-webm: aa71ff27fc2769a1b78a27578f13a17b -> 
  custom:container-demuxer-webm: 4f35f7cbe854078d1ac9338744f61a02 -> 
  custom:video-encoder-webm-vp8: eb34c28f22e8b96e1ab97ce403110664 -> 
  custom:video-codec-MediaFoundation-h265: 746d11721c4dcdbdad8f713fa42b33f4 -> 
  custom:audio-encoder-webm-vorbis: bf7c407c2cedff20999df2af8eb42d56 -> 
  custom:framework-win-MediaFoundation: 216162199b28c13a410421893ffa2e32 -> 
  custom:container-demuxer-ogg: 62fdf1f143b41e24485cea50d1cbac27 -> 
  custom:video-decoder-webm-vp8: 9c59270c3fd7afecdb556c50c9e8de78 -> 
  custom:audio-decoder-ogg-vorbis: bf7c407c2cedff20999df2af8eb42d56 -> 
========================================================================
Received Import Request.
  Time since last request: 123.271966 seconds.
  path: Assets/Scenes/ARScene.unity
  artifactKey: Guid(05b3296584423744b8611a7f089db81d) Importer(815301076,1909f56bfc062723c751e8b465ee728b)
Start importing Assets/Scenes/ARScene.unity using Guid(05b3296584423744b8611a7f089db81d) Importer(815301076,1909f56bfc062723c751e8b465ee728b)  -> (artifact id: '1976cac0b39edd9379ab33baa77eb291') in 0.010865 seconds 
========================================================================
Received Prepare
Refreshing native plugins compatible for Editor in 16.55 ms, found 3 plugins.
Preloading 0 native plugins for Editor in 0.00 ms.
Unloading 16 Unused Serialized files (Serialized files now loaded: 0)
Unloading 15 unused Assets / (21.9 KB). Loaded Objects now: 3923.
Memory consumption went from 69.0 MB to 68.9 MB.
Total: 4.448900 ms (FindLiveObjects: 0.330000 ms CreateObjectMapping: 0.237600 ms MarkObjects: 3.853200 ms  DeleteObjects: 0.026700 ms)

AssetImportParameters requested are different than current active one (requested -> active):
  custom:video-decoder-ogg-theora: a1e56fd34408186e4bbccfd4996cb3dc -> 
  custom:container-muxer-webm: aa71ff27fc2769a1b78a27578f13a17b -> 
  custom:container-demuxer-webm: 4f35f7cbe854078d1ac9338744f61a02 -> 
  custom:video-encoder-webm-vp8: eb34c28f22e8b96e1ab97ce403110664 -> 
  custom:video-codec-MediaFoundation-h265: 746d11721c4dcdbdad8f713fa42b33f4 -> 
  custom:audio-encoder-webm-vorbis: bf7c407c2cedff20999df2af8eb42d56 -> 
  custom:framework-win-MediaFoundation: 216162199b28c13a410421893ffa2e32 -> 
  custom:container-demuxer-ogg: 62fdf1f143b41e24485cea50d1cbac27 -> 
  custom:video-decoder-webm-vp8: 9c59270c3fd7afecdb556c50c9e8de78 -> 
  custom:audio-decoder-ogg-vorbis: bf7c407c2cedff20999df2af8eb42d56 -> 
